<?xml version="1.0" encoding="UTF-8" ?>
<testsuite tests="26" failures="0" name="RobotCommandTest" time="10.182" errors="0" skipped="0">
  <properties>
    <property name="java.runtime.name" value="OpenJDK Runtime Environment"/>
    <property name="java.vm.version" value="11.0.10+9-Ubuntu-0ubuntu1.20.04"/>
    <property name="sun.boot.library.path" value="/usr/lib/jvm/java-11-openjdk-amd64/lib"/>
    <property name="maven.multiModuleProjectDirectory" value="/home/carah/Desktop/0120-robot-worlds/server"/>
    <property name="java.vm.vendor" value="Ubuntu"/>
    <property name="java.vendor.url" value="https://ubuntu.com/"/>
    <property name="guice.disable.misplaced.annotation.check" value="true"/>
    <property name="path.separator" value=":"/>
    <property name="java.vm.name" value="OpenJDK 64-Bit Server VM"/>
    <property name="sun.os.patch.level" value="unknown"/>
    <property name="user.country" value="ZA"/>
    <property name="sun.java.launcher" value="SUN_STANDARD"/>
    <property name="java.vm.specification.name" value="Java Virtual Machine Specification"/>
    <property name="user.dir" value="/home/carah/Desktop/0120-robot-worlds/server"/>
    <property name="java.vm.compressedOopsMode" value="32-bit"/>
    <property name="java.runtime.version" value="11.0.10+9-Ubuntu-0ubuntu1.20.04"/>
    <property name="java.awt.graphicsenv" value="sun.awt.X11GraphicsEnvironment"/>
    <property name="os.arch" value="amd64"/>
    <property name="java.io.tmpdir" value="/tmp"/>
    <property name="line.separator" value="
"/>
    <property name="java.vm.specification.vendor" value="Oracle Corporation"/>
    <property name="os.name" value="Linux"/>
    <property name="classworlds.conf" value="/usr/share/maven/bin/m2.conf"/>
    <property name="sun.jnu.encoding" value="UTF-8"/>
    <property name="java.library.path" value="/usr/java/packages/lib:/usr/lib/x86_64-linux-gnu/jni:/lib/x86_64-linux-gnu:/usr/lib/x86_64-linux-gnu:/usr/lib/jni:/lib:/usr/lib"/>
    <property name="maven.conf" value="/usr/share/maven/conf"/>
    <property name="jdk.debug" value="release"/>
    <property name="java.class.version" value="55.0"/>
    <property name="java.specification.name" value="Java Platform API Specification"/>
    <property name="sun.management.compiler" value="HotSpot 64-Bit Tiered Compilers"/>
    <property name="os.version" value="5.8.0-50-generic"/>
    <property name="library.jansi.path" value="/usr/share/maven/lib/jansi-native"/>
    <property name="user.home" value="/home/carah"/>
    <property name="user.timezone" value="Africa/Johannesburg"/>
    <property name="java.awt.printerjob" value="sun.print.PSPrinterJob"/>
    <property name="file.encoding" value="UTF-8"/>
    <property name="java.specification.version" value="11"/>
    <property name="user.name" value="carah"/>
    <property name="java.class.path" value="/usr/share/maven/boot/plexus-classworlds-2.x.jar"/>
    <property name="java.vm.specification.version" value="11"/>
    <property name="sun.arch.data.model" value="64"/>
    <property name="sun.java.command" value="org.codehaus.plexus.classworlds.launcher.Launcher clean package"/>
    <property name="java.home" value="/usr/lib/jvm/java-11-openjdk-amd64"/>
    <property name="user.language" value="en"/>
    <property name="java.specification.vendor" value="Oracle Corporation"/>
    <property name="awt.toolkit" value="sun.awt.X11.XToolkit"/>
    <property name="java.vm.info" value="mixed mode, sharing"/>
    <property name="java.version" value="11.0.10"/>
    <property name="securerandom.source" value="file:/dev/./urandom"/>
    <property name="java.vendor" value="Ubuntu"/>
    <property name="maven.home" value="/usr/share/maven"/>
    <property name="file.separator" value="/"/>
    <property name="java.version.date" value="2021-01-19"/>
    <property name="java.vendor.url.bug" value="https://bugs.launchpad.net/ubuntu/+source/openjdk-lts"/>
    <property name="sun.io.unicode.encoding" value="UnicodeLittle"/>
    <property name="sun.cpu.endian" value="little"/>
    <property name="sun.desktop" value="gnome"/>
    <property name="sun.cpu.isalist" value=""/>
  </properties>
  <testcase classname="RobotCommandTest" name="testRightRight" time="0.068"/>
  <testcase classname="RobotCommandTest" name="lookRobotObstructionEast" time="0.006"/>
  <testcase classname="RobotCommandTest" name="lookRobotObstructionWest" time="0.025"/>
  <testcase classname="RobotCommandTest" name="testLeftLeft" time="0"/>
  <testcase classname="RobotCommandTest" name="testBackBack" time="0.002"/>
  <testcase classname="RobotCommandTest" name="testRight" time="0.001"/>
  <testcase classname="RobotCommandTest" name="lookEdgeObstructionNorth" time="0.004"/>
  <testcase classname="RobotCommandTest" name="testBack" time="0"/>
  <testcase classname="RobotCommandTest" name="testLeft" time="0.001"/>
  <testcase classname="RobotCommandTest" name="testMine" time="10.003"/>
  <testcase classname="RobotCommandTest" name="testForward" time="0.003"/>
  <testcase classname="RobotCommandTest" name="lookPitfallObstructionEast" time="0.022"/>
  <testcase classname="RobotCommandTest" name="lookPitfallObstructionWest" time="0.003"/>
  <testcase classname="RobotCommandTest" name="lookObstacleObstructionNorth" time="0.017"/>
  <testcase classname="RobotCommandTest" name="lookObstacleObstructionSouth" time="0.004"/>
  <testcase classname="RobotCommandTest" name="lookPitfallObstructionNorth" time="0.003"/>
  <testcase classname="RobotCommandTest" name="lookPitfallObstructionSouth" time="0.002"/>
  <testcase classname="RobotCommandTest" name="lookNoObstructions" time="0.002"/>
  <testcase classname="RobotCommandTest" name="missedShotObstacle" time="0.001"/>
  <testcase classname="RobotCommandTest" name="missedShot" time="0.001"/>
  <testcase classname="RobotCommandTest" name="testForwardForward" time="0.001"/>
  <testcase classname="RobotCommandTest" name="testForwardNoArg" time="0.001"/>
  <testcase classname="RobotCommandTest" name="lookObstacleObstructionEast" time="0.002"/>
  <testcase classname="RobotCommandTest" name="lookObstacleObstructionWest" time="0.003"/>
  <testcase classname="RobotCommandTest" name="lookRobotObstructionNorth" time="0.004"/>
  <testcase classname="RobotCommandTest" name="lookRobotObstructionSouth" time="0.003"/>
</testsuite>